<?xml version="1.0" encoding="UTF-8"?>
<!-- Generated by org.testng.reporters.JUnitXMLReporter -->
<testsuite ignored="0" hostname="DESKTOP-TNHLF89" failures="0" tests="6" name="Default test" time="14.31" errors="0" timestamp="2023-10-09T18:05:01 IST">
  <testcase classname="api.Test.DDTest" name="TestPostUser" time="4.585"/>
  <testcase classname="api.Test.DDTest" name="TestPostUser" time="1.322"/>
  <testcase classname="api.Test.DDTest" name="TestPostUser" time="1.379"/>
  <testcase classname="api.Test.DDTest" name="TestDeleteUser" time="1.378"/>
  <testcase classname="api.Test.DDTest" name="TestDeleteUser" time="1.285"/>
  <testcase classname="api.Test.DDTest" name="TestDeleteUser" time="1.387"/>
</testsuite> <!-- Default test -->
