<?xml version="1.0" encoding="UTF-8"?>
<testsuite xmlns:xsi="http://www.w3.org/2001/XMLSchema-instance" xsi:noNamespaceSchemaLocation="https://maven.apache.org/surefire/maven-surefire-plugin/xsd/surefire-test-report-3.0.xsd" version="3.0" name="TestSuite" time="18.362" tests="4" errors="0" skipped="0" failures="0">
  <properties>
[...]
</properties>
  <testcase name="TestPostUser" classname="api.Test.UserTests2" time="6.169">
    <system-out><![CDATA[2023-10-27 14:55:48 DEBUG a.T.UserTests2 - debugging......
2023-10-27 14:55:48 INFO  a.T.UserTests2 - ************* Creating User ********************
HTTP/1.1 200 OK
Date: Fri, 27 Oct 2023 09:25:54 GMT
Content-Type: application/json
Transfer-Encoding: chunked
Connection: keep-alive
Access-Control-Allow-Origin: *
Access-Control-Allow-Methods: GET, POST, DELETE, PUT
Access-Control-Allow-Headers: Content-Type, api_key, Authorization
Server: Jetty(9.2.9.v20150224)

{
    "code": 200,
    "type": "unknown",
    "message": "989889899"
}
2023-10-27 14:55:54 INFO  a.T.UserTests2 - ************* User is created ********************
]]></system-out>
    <system-err><![CDATA[SLF4J: Failed to load class "org.slf4j.impl.StaticLoggerBinder".
SLF4J: Defaulting to no-operation (NOP) logger implementation
SLF4J: See http://www.slf4j.org/codes.html#StaticLoggerBinder for further details.
]]></system-err>
  </testcase>
  <testcase name="TestGetUserByName" classname="api.Test.UserTests2" time="1.585">
    <system-out><![CDATA[2023-10-27 14:55:54 INFO  a.T.UserTests2 - ************** Reading User ***************
HTTP/1.1 200 OK
Date: Fri, 27 Oct 2023 09:25:56 GMT
Content-Type: application/json
Transfer-Encoding: chunked
Connection: keep-alive
Access-Control-Allow-Origin: *
Access-Control-Allow-Methods: GET, POST, DELETE, PUT
Access-Control-Allow-Headers: Content-Type, api_key, Authorization
Server: Jetty(9.2.9.v20150224)

{
    "id": 989889899,
    "username": "zulma.donnelly",
    "firstName": "Eugene",
    "lastName": "Stoltenberg",
    "email": "son.vandervort@example.com",
    "password": "m6viwg",
    "phone": "902.484.6000",
    "userStatus": 0
}
2023-10-27 14:55:56 INFO  a.T.UserTests2 - ************** User info is displayed  ***************
]]></system-out>
  </testcase>
  <testcase name="TestUpdateUserByName" classname="api.Test.UserTests2" time="4.016">
    <system-out><![CDATA[2023-10-27 14:55:56 INFO  a.T.UserTests2 - ************* Updating User ****************
HTTP/1.1 200 OK
Date: Fri, 27 Oct 2023 09:25:58 GMT
Content-Type: application/json
Transfer-Encoding: chunked
Connection: keep-alive
Access-Control-Allow-Origin: *
Access-Control-Allow-Methods: GET, POST, DELETE, PUT
Access-Control-Allow-Headers: Content-Type, api_key, Authorization
Server: Jetty(9.2.9.v20150224)

{
    "code": 200,
    "type": "unknown",
    "message": "989889899"
}
2023-10-27 14:55:58 INFO  a.T.UserTests2 - ************* User updated ****************
]]></system-out>
  </testcase>
  <testcase name="TestDeleteUserByName" classname="api.Test.UserTests2" time="1.983">
    <system-out><![CDATA[2023-10-27 14:56:00 INFO  a.T.UserTests2 - *********** Deleting User **************
2023-10-27 14:56:02 INFO  a.T.UserTests2 - *********** User deleted  **************
]]></system-out>
  </testcase>
</testsuite>