<?xml version="1.0" encoding="UTF-8"?>
<testng-results ignored="0" total="4" passed="4" failed="0" skipped="0">
  <reporter-output>
  </reporter-output>
  <suite started-at="2023-10-19T17:29:58 IST" name="PetSuite" finished-at="2023-10-19T17:30:11 IST" duration-ms="13327">
    <groups>
    </groups>
    <test started-at="2023-10-19T17:29:58 IST" name="PetTest" finished-at="2023-10-19T17:30:11 IST" duration-ms="13327">
      <class name="api.Test.UserTests2">
        <test-method is-config="true" signature="SetupData()[pri:0, instance:api.Test.UserTests2@4a883b15]" started-at="2023-10-19T17:29:58 IST" name="SetupData" finished-at="2023-10-19T17:30:00 IST" duration-ms="1526" status="PASS">
          <reporter-output>
          </reporter-output>
        </test-method> <!-- SetupData -->
        <test-method signature="TestPostUser()[pri:1, instance:api.Test.UserTests2@4a883b15]" started-at="2023-10-19T17:30:00 IST" name="TestPostUser" finished-at="2023-10-19T17:30:05 IST" duration-ms="5219" status="PASS">
          <reporter-output>
          </reporter-output>
        </test-method> <!-- TestPostUser -->
        <test-method signature="TestGetUserByName()[pri:2, instance:api.Test.UserTests2@4a883b15]" started-at="2023-10-19T17:30:05 IST" name="TestGetUserByName" finished-at="2023-10-19T17:30:07 IST" duration-ms="1501" status="PASS">
          <reporter-output>
          </reporter-output>
        </test-method> <!-- TestGetUserByName -->
        <test-method signature="TestUpdateUserByName()[pri:3, instance:api.Test.UserTests2@4a883b15]" started-at="2023-10-19T17:30:07 IST" name="TestUpdateUserByName" finished-at="2023-10-19T17:30:10 IST" duration-ms="2900" status="PASS">
          <reporter-output>
          </reporter-output>
        </test-method> <!-- TestUpdateUserByName -->
        <test-method signature="TestDeleteUserByName()[pri:4, instance:api.Test.UserTests2@4a883b15]" started-at="2023-10-19T17:30:10 IST" name="TestDeleteUserByName" finished-at="2023-10-19T17:30:11 IST" duration-ms="1437" status="PASS">
          <reporter-output>
          </reporter-output>
        </test-method> <!-- TestDeleteUserByName -->
      </class> <!-- api.Test.UserTests2 -->
    </test> <!-- PetTest -->
  </suite> <!-- PetSuite -->
</testng-results>
