<?xml version="1.0" encoding="UTF-8"?>
<!-- Generated by org.testng.reporters.JUnitXMLReporter -->
<testsuite ignored="0" hostname="DESKTOP-TNHLF89" failures="0" tests="4" name="PetTest" time="16.207" errors="0" timestamp="2023-10-27T14:56:03 IST">
  <testcase classname="api.Test.UserTests2" name="TestPostUser" time="6.114"/>
  <testcase classname="api.Test.UserTests2" name="TestGetUserByName" time="1.585"/>
  <testcase classname="api.Test.UserTests2" name="TestUpdateUserByName" time="3.92"/>
  <testcase classname="api.Test.UserTests2" name="TestDeleteUserByName" time="2.081"/>
</testsuite> <!-- PetTest -->
