<?xml version="1.0" encoding="UTF-8"?>
<!-- Generated by org.testng.reporters.JUnitXMLReporter -->
<testsuite ignored="0" hostname="DESKTOP-TNHLF89" failures="0" tests="4" name="PetTest" time="13.327" errors="0" timestamp="2023-10-19T17:30:12 IST">
  <testcase classname="api.Test.UserTests2" name="TestPostUser" time="5.219"/>
  <testcase classname="api.Test.UserTests2" name="TestGetUserByName" time="1.501"/>
  <testcase classname="api.Test.UserTests2" name="TestUpdateUserByName" time="2.9"/>
  <testcase classname="api.Test.UserTests2" name="TestDeleteUserByName" time="1.437"/>
</testsuite> <!-- PetTest -->
